Arguments:
  C:\Program Files\nodejs\node.exe C:\Users\yongf\AppData\Roaming\nvm\v14.16.1\node_modules\yarn\lib\cli.js add @wu-component/wu-breadcrumb-item

PATH:
  C:\Program Files\Git\mingw64\bin;C:\Program Files\Git\usr\bin;C:\Users\yongf\bin;C:\Program Files\Common Files\Oracle\Java\javapath;C:\WINDOWS\system32;C:\WINDOWS;C:\WINDOWS\System32\Wbem;C:\WINDOWS\System32\WindowsPowerShell\v1.0;C:\WINDOWS\System32\OpenSSH;C:\Program Files\Java\jdk-9.0.4\bin;C:\Program Files\Redis;C:\Users\yongf\AppData\Roaming\nvm;C:\Program Files\nodejs;C:\Program Files\Git\cmd;C:\Program Files (x86)\NetSarang\Xftp 7;C:\Program Files (x86)\NetSarang\Xshell 7;E:\mysql\bin;E:\MinGW\bin;C:\Program Files\kubectl;F:\android\tools;F:\android\platform-tools;C:\Program Files\Java\jdk-9.0.4\jre\bin;C:\Program Files\heml;F:\flutter\bin;C:\Program Files\Docker\Docker\resources\bin;C:\ProgramData\DockerDesktop\version-bin;C:\Users\yongf\AppData\Local\Programs\Python\Python39\Scripts;C:\Users\yongf\AppData\Local\Programs\Python\Python39;C:\Users\yongf\AppData\Local\Microsoft\WindowsApps;C:\Program Files\JetBrains\WebStorm 2021.1\bin;C:\Program Files\JetBrains\IntelliJ IDEA 2021.1\bin;C:\Program Files\JetBrains\CLion 2021.1\bin;C:\Program Files\JetBrains\PyCharm 2021.1\bin;C:\Users\yongf\AppData\Roaming\nvm;C:\Program Files\nodejs;E:\Microsoft VS Code\bin;C:\Program Files\kubectl;D:\npm\org-web-component-plus\node_modules\.bin

Yarn version:
  1.22.10

Node version:
  14.16.1

Platform:
  win32 x64

Trace:
  Error: https://registry.npmmirror.com/@wu-component%2fwu-breadcrumb-item: [NOT_FOUND] @wu-component/wu-breadcrumb-item not found
      at Request.params.callback [as _callback] (C:\Users\yongf\AppData\Roaming\nvm\v14.16.1\node_modules\yarn\lib\cli.js:66988:18)
      at Request.self.callback (C:\Users\yongf\AppData\Roaming\nvm\v14.16.1\node_modules\yarn\lib\cli.js:140662:22)
      at Request.emit (events.js:315:20)
      at Request.<anonymous> (C:\Users\yongf\AppData\Roaming\nvm\v14.16.1\node_modules\yarn\lib\cli.js:141634:10)
      at Request.emit (events.js:315:20)
      at Gunzip.<anonymous> (C:\Users\yongf\AppData\Roaming\nvm\v14.16.1\node_modules\yarn\lib\cli.js:141556:12)
      at Object.onceWrapper (events.js:421:28)
      at Gunzip.emit (events.js:315:20)
      at endReadableNT (internal/streams/readable.js:1327:12)
      at processTicksAndRejections (internal/process/task_queues.js:80:21)

npm manifest:
  {
    "name": "@wu-component/wu-breadcrumb",
    "version": "0.0.1",
    "description": "> TODO: description",
    "author": "Marvin <yongfeide123@gmail.com>",
    "homepage": "",
    "license": "ISC",
    "directories": {
      "lib": "lib",
      "test": "__tests__"
    },
    "types": "./dist/index.d.ts",
    "main": "./dist/index.cjs.js",
    "module": "./dist/index.esm.js",
    "browser": "./dist/index.umd.js",
    "scripts": {
      "format": "prettier --write \"{src,apps,libs,test}/**/*.{tsx,ts}\"",
      "lint": "eslint \"{src,apps,libs,test}/**/*.{tsx,ts}\" --fix",
      "test": "jest -c packages/web-ui/jest.config.js",
      "example:package": "live-server",
      "build:package": "cross-env NODE_ENV=production rollup -c ./build/build.js",
      "dev:package": "webpack serve --config ./build/webpack_dev.config --env development --mode development --hot"
    },
    "publishConfig": {
      "access": "public"
    },
    "engines": {
      "node": ">= 10",
      "npm": ">= 5"
    },
    "devDependencies": {
      "@babel/preset-typescript": "^7.13.0",
      "@rollup/plugin-commonjs": "^19.0.2",
      "@rollup/plugin-inject": "^4.0.4",
      "@rollup/plugin-json": "^4.1.0",
      "@rollup/plugin-node-resolve": "^13.1.3",
      "@rollup/plugin-replace": "^4.0.0",
      "@rollup/plugin-typescript": "^8.3.1",
      "@rollup/plugin-url": "^6.1.0",
      "@types/jest": "^23.3.14",
      "@types/node": "^10.17.60",
      "@types/yaml": "^1.9.7",
      "@typescript-eslint/eslint-plugin": "^5.25.0",
      "@typescript-eslint/parser": "^5.25.0",
      "autoprefixer": "^10.4.4",
      "body-parser": "^1.19.0",
      "cross-env": "^7.0.3",
      "css-loader": "^6.7.1",
      "eslint": "7.1.0",
      "eslint-config-prettier": "^6.10.0",
      "eslint-plugin-import": "^2.20.1",
      "html-webpack-plugin": "^5.5.0",
      "jest": "^23.6.0",
      "live-server": "^1.2.2",
      "nodemon": "^1.18.9",
      "prettier": "^1.15.3",
      "reflect-metadata": "^0.1.13",
      "rollup": "^2.74.1",
      "rollup-plugin-filesize": "^9.1.1",
      "rollup-plugin-node-externals": "^2.2.0",
      "rollup-plugin-postcss": "^4.0.2",
      "rollup-plugin-progress": "^1.1.2",
      "rollup-plugin-scss": "^3.0.0",
      "rollup-plugin-terser": "^7.0.2",
      "rollup-plugin-typescript2": "^0.31.2",
      "rollup-plugin-visualizer": "^5.6.0",
      "sass": "^1.52.1",
      "sass-loader": "^13.0.0",
      "style-loader": "^3.3.1",
      "ts-jest": "^23.1.4",
      "ts-loader": "^9.3.0",
      "ts-node": "^7.0.1",
      "tsconfig-paths": "^3.7.0",
      "tslib": "^2.3.1",
      "typescript": "^4.6.4",
      "webpack": "^5.72.1",
      "webpack-cli": "^4.9.2",
      "webpack-dev-server": "^4.9.0"
    },
    "dependencies": {
      "@wu-component/web-core-plus": "next",
      "@wu-component/wu-breadcrumb-item": "latest"
    }
  }

yarn manifest:
  No manifest

Lockfile:
  No lockfile
